Jonathan var här kl 1611830116Jonathan var här kl 1611830441
Jonathan var här kl 1611830442
Jonathan var här kl 1611830443
Jonathan var här kl 1611830443
Jonathan var här kl 1611830443
Jonathan var här kl 1611830443
Jonathan var här kl 1611830477
<<<<<<< HEAD
Jonathan var här kl 1612340262
Jonathan var här kl 1612341600
Jonathan var här kl 1612341664
Jonathan var här kl 1612341692
Jonathan var här kl 1612341793
Jonathan var här kl 1612341795
Jonathan var här kl 1612341915
Jonathan var här kl 1612341917
Jonathan var här kl 1612341918
Jonathan var här kl 1612341918
Jonathan var här kl 1612341919
Jonathan var här kl 1612341919
Jonathan var här kl 1612341919
Jonathan var här kl 1612341919
Jonathan var här kl 1612341980
Jonathan var här kl 1612342199
Jonathan var här kl 1612342330
Jonathan var här kl 1612342353
=======
>>>>>>> ac6a0082f9cb2ca74cfa378c8b547e356e37348a
