Din kommentar: hej på dig <br>tidpunkten för din kommentar :07:42:25
Din kommentar: hej på dig <br>tidpunkten för din kommentar :07:42:30
Din kommentar: hej på dig <br>tidpunkten för din kommentar :07:43:31
Din kommentar: hej på dig <br>tidpunkten för din kommentar :07:43:36
Din kommentar: hej på fig <br>tidpunkten för din kommentar :07:43:45
Din kommentar: hej på fig <br>tidpunkten för din kommentar :07:43:49
Din kommentar: hej på fig <br>tidpunkten för din kommentar :07:45:11
Din kommentar: fasdsfdf <br>tidpunkten för din kommentar :07:45:15
Din kommentar: fasdsfdf <br>tidpunkten för din kommentar :07:45:19
Din kommentar: fasdsfdf <br>tidpunkten för din kommentar :07:46:10
Din kommentar: fasdsfdf <br>tidpunkten för din kommentar :07:49:46
Din kommentar: hejhalloj <br>tidpunkten för din kommentar :07:49:51
Din kommentar: hejhalloj <br>tidpunkten för din kommentar :07:49:55
Din kommentar: hejhalloj <br>tidpunkten för din kommentar :07:50:19
Din kommentar: hejhalloj <br>tidpunkten för din kommentar :07:59:33
Din kommentar: hej på dig <br>tidpunkten för din kommentar :07:59:41
Din kommentar: hejsan svejsam <br>tidpunkten för din kommentar :08:01:24
Din kommentar: hejsan svejsam <br>tidpunkten för din kommentar :08:01:29
Din kommentar: hejsan svejsam <br>tidpunkten för din kommentar :08:01:31
Din kommentar: hej på dig din fuling <br>tidpunkten för din kommentar :08:02:10
Din kommentar: hej på dig din fuling <br>tidpunkten för din kommentar :08:02:14
Din kommentar: hej på dig din fuling <br>tidpunkten för din kommentar :08:02:16
Din kommentar: hej på dig din fuling <br>tidpunkten för din kommentar :08:03:52
Din kommentar: hej på dig din fuling <br>tidpunkten för din kommentar :08:03:55
Din kommentar: hej på dig din fuling <br>tidpunkten för din kommentar :08:04:08
Din kommentar: dsds <br>tidpunkten för din kommentar :08:05:01
Din kommentar: dsds <br>tidpunkten för din kommentar :08:05:04
